Determining if the pthread_create exist failed with the following output:
Change Dir: /home/will/Documents/UNI/2019/Spring/AdvancedRobotics/catkin_ws/build/CMakeFiles/CMakeTmp

Run Build Command:"/usr/bin/make" "cmTC_f2cd6/fast"
/usr/bin/make -f CMakeFiles/cmTC_f2cd6.dir/build.make CMakeFiles/cmTC_f2cd6.dir/build
make[1]: Entering directory '/home/will/Documents/UNI/2019/Spring/AdvancedRobotics/catkin_ws/build/CMakeFiles/CMakeTmp'
Building C object CMakeFiles/cmTC_f2cd6.dir/CheckSymbolExists.c.o
/usr/bin/cc    -o CMakeFiles/cmTC_f2cd6.dir/CheckSymbolExists.c.o   -c /home/will/Documents/UNI/2019/Spring/AdvancedRobotics/catkin_ws/build/CMakeFiles/CMakeTmp/CheckSymbolExists.c
Linking C executable cmTC_f2cd6
/usr/bin/cmake -E cmake_link_script CMakeFiles/cmTC_f2cd6.dir/link.txt --verbose=1
/usr/bin/cc      -rdynamic CMakeFiles/cmTC_f2cd6.dir/CheckSymbolExists.c.o  -o cmTC_f2cd6 
CMakeFiles/cmTC_f2cd6.dir/CheckSymbolExists.c.o: In function `main':
CheckSymbolExists.c:(.text+0x1b): undefined reference to `pthread_create'
collect2: error: ld returned 1 exit status
CMakeFiles/cmTC_f2cd6.dir/build.make:97: recipe for target 'cmTC_f2cd6' failed
make[1]: *** [cmTC_f2cd6] Error 1
make[1]: Leaving directory '/home/will/Documents/UNI/2019/Spring/AdvancedRobotics/catkin_ws/build/CMakeFiles/CMakeTmp'
Makefile:126: recipe for target 'cmTC_f2cd6/fast' failed
make: *** [cmTC_f2cd6/fast] Error 2

File /home/will/Documents/UNI/2019/Spring/AdvancedRobotics/catkin_ws/build/CMakeFiles/CMakeTmp/CheckSymbolExists.c:
/* */
#include <pthread.h>

int main(int argc, char** argv)
{
  (void)argv;
#ifndef pthread_create
  return ((int*)(&pthread_create))[argc];
#else
  (void)argc;
  return 0;
#endif
}

Determining if the function pthread_create exists in the pthreads failed with the following output:
Change Dir: /home/will/Documents/UNI/2019/Spring/AdvancedRobotics/catkin_ws/build/CMakeFiles/CMakeTmp

Run Build Command:"/usr/bin/make" "cmTC_6c23a/fast"
/usr/bin/make -f CMakeFiles/cmTC_6c23a.dir/build.make CMakeFiles/cmTC_6c23a.dir/build
make[1]: Entering directory '/home/will/Documents/UNI/2019/Spring/AdvancedRobotics/catkin_ws/build/CMakeFiles/CMakeTmp'
Building C object CMakeFiles/cmTC_6c23a.dir/CheckFunctionExists.c.o
/usr/bin/cc   -DCHECK_FUNCTION_EXISTS=pthread_create   -o CMakeFiles/cmTC_6c23a.dir/CheckFunctionExists.c.o   -c /usr/share/cmake-3.10/Modules/CheckFunctionExists.c
Linking C executable cmTC_6c23a
/usr/bin/cmake -E cmake_link_script CMakeFiles/cmTC_6c23a.dir/link.txt --verbose=1
/usr/bin/cc  -DCHECK_FUNCTION_EXISTS=pthread_create    -rdynamic CMakeFiles/cmTC_6c23a.dir/CheckFunctionExists.c.o  -o cmTC_6c23a -lpthreads 
/usr/bin/ld: cannot find -lpthreads
collect2: error: ld returned 1 exit status
CMakeFiles/cmTC_6c23a.dir/build.make:97: recipe for target 'cmTC_6c23a' failed
make[1]: *** [cmTC_6c23a] Error 1
make[1]: Leaving directory '/home/will/Documents/UNI/2019/Spring/AdvancedRobotics/catkin_ws/build/CMakeFiles/CMakeTmp'
Makefile:126: recipe for target 'cmTC_6c23a/fast' failed
make: *** [cmTC_6c23a/fast] Error 2


Determining if the include file pgm.h exists failed with the following output:
Change Dir: /home/will/Documents/UNI/2019/Spring/AdvancedRobotics/catkin_ws/build/CMakeFiles/CMakeTmp

Run Build Command:"/usr/bin/make" "cmTC_fa1e7/fast"
/usr/bin/make -f CMakeFiles/cmTC_fa1e7.dir/build.make CMakeFiles/cmTC_fa1e7.dir/build
make[1]: Entering directory '/home/will/Documents/UNI/2019/Spring/AdvancedRobotics/catkin_ws/build/CMakeFiles/CMakeTmp'
Building CXX object CMakeFiles/cmTC_fa1e7.dir/CheckIncludeFile.cxx.o
/usr/bin/c++     -o CMakeFiles/cmTC_fa1e7.dir/CheckIncludeFile.cxx.o -c /home/will/Documents/UNI/2019/Spring/AdvancedRobotics/catkin_ws/build/CMakeFiles/CMakeTmp/CheckIncludeFile.cxx
/home/will/Documents/UNI/2019/Spring/AdvancedRobotics/catkin_ws/build/CMakeFiles/CMakeTmp/CheckIncludeFile.cxx:1:10: fatal error: pgm.h: No such file or directory
 #include <pgm.h>
          ^~~~~~~
compilation terminated.
CMakeFiles/cmTC_fa1e7.dir/build.make:65: recipe for target 'CMakeFiles/cmTC_fa1e7.dir/CheckIncludeFile.cxx.o' failed
make[1]: *** [CMakeFiles/cmTC_fa1e7.dir/CheckIncludeFile.cxx.o] Error 1
make[1]: Leaving directory '/home/will/Documents/UNI/2019/Spring/AdvancedRobotics/catkin_ws/build/CMakeFiles/CMakeTmp'
Makefile:126: recipe for target 'cmTC_fa1e7/fast' failed
make: *** [cmTC_fa1e7/fast] Error 2


